<?xml version="1.0" encoding="UTF-8"?>
<testng-results ignored="0" total="1" passed="1" failed="0" skipped="0">
  <reporter-output>
  </reporter-output>
  <suite started-at="2024-01-02T23:56:02 GMT-08:00" name="Default suite" finished-at="2024-01-02T23:56:42 GMT-08:00" duration-ms="39846">
    <groups>
    </groups>
    <test started-at="2024-01-02T23:56:02 GMT-08:00" name="Default test" finished-at="2024-01-02T23:56:42 GMT-08:00" duration-ms="39846">
      <class name="Hotel.Titleproj">
        <test-method is-config="true" signature="load()[pri:0, instance:Hotel.Titleproj@6221a451]" started-at="2024-01-02T23:56:02 GMT-08:00" name="load" finished-at="2024-01-02T23:56:22 GMT-08:00" duration-ms="20359" status="PASS">
          <reporter-output>
          </reporter-output>
        </test-method> <!-- load -->
        <test-method signature="newtest()[pri:0, instance:Hotel.Titleproj@6221a451]" started-at="2024-01-02T23:56:22 GMT-08:00" name="newtest" finished-at="2024-01-02T23:56:42 GMT-08:00" duration-ms="19398" status="PASS">
          <reporter-output>
          </reporter-output>
        </test-method> <!-- newtest -->
      </class> <!-- Hotel.Titleproj -->
    </test> <!-- Default test -->
  </suite> <!-- Default suite -->
</testng-results>
